<?xml version="1.0" encoding="UTF-8"?>
<testsuite xmlns:xsi="http://www.w3.org/2001/XMLSchema-instance" xsi:noNamespaceSchemaLocation="https://maven.apache.org/surefire/maven-surefire-plugin/xsd/surefire-test-report-3.0.xsd" version="3.0" name="org.apache.commons.geometry.euclidean.threed.Vector3DTest" time="0.109" tests="80" errors="0" skipped="0" failures="0">
  <properties>
[...]
</properties>
  <testcase name="testUnitFrom_coordinates" classname="org.apache.commons.geometry.euclidean.threed.Vector3DTest" time="0"/>
  <testcase name="testCrossProduct_cancellation" classname="org.apache.commons.geometry.euclidean.threed.Vector3DTest" time="0"/>
  <testcase name="testParse_failure" classname="org.apache.commons.geometry.euclidean.threed.Vector3DTest" time="0.002"/>
  <testcase name="testWithNorm_unitVectors" classname="org.apache.commons.geometry.euclidean.threed.Vector3DTest" time="0.001"/>
  <testcase name="testVectorTo" classname="org.apache.commons.geometry.euclidean.threed.Vector3DTest" time="0"/>
  <testcase name="testSum_factoryMethods" classname="org.apache.commons.geometry.euclidean.threed.Vector3DTest" time="0"/>
  <testcase name="testToArray" classname="org.apache.commons.geometry.euclidean.threed.Vector3DTest" time="0.001"/>
  <testcase name="testUnitFrom_static_illegalNorm" classname="org.apache.commons.geometry.euclidean.threed.Vector3DTest" time="0.002"/>
  <testcase name="testDotProduct_accuracy" classname="org.apache.commons.geometry.euclidean.threed.Vector3DTest" time="0.013"/>
  <testcase name="testEqualsAndHashCode_signedZeroConsistency" classname="org.apache.commons.geometry.euclidean.threed.Vector3DTest" time="0"/>
  <testcase name="testAdd" classname="org.apache.commons.geometry.euclidean.threed.Vector3DTest" time="0"/>
  <testcase name="testMax" classname="org.apache.commons.geometry.euclidean.threed.Vector3DTest" time="0"/>
  <testcase name="testMin" classname="org.apache.commons.geometry.euclidean.threed.Vector3DTest" time="0"/>
  <testcase name="testNaN" classname="org.apache.commons.geometry.euclidean.threed.Vector3DTest" time="0"/>
  <testcase name="testOrthogonal_givenDirection_directionIsCollinear" classname="org.apache.commons.geometry.euclidean.threed.Vector3DTest" time="0.001"/>
  <testcase name="testSubtract" classname="org.apache.commons.geometry.euclidean.threed.Vector3DTest" time="0"/>
  <testcase name="testCrossProduct_accuracy" classname="org.apache.commons.geometry.euclidean.threed.Vector3DTest" time="0.01"/>
  <testcase name="testMax_noPointsGiven" classname="org.apache.commons.geometry.euclidean.threed.Vector3DTest" time="0.001"/>
  <testcase name="testAngle" classname="org.apache.commons.geometry.euclidean.threed.Vector3DTest" time="0"/>
  <testcase name="testParse" classname="org.apache.commons.geometry.euclidean.threed.Vector3DTest" time="0"/>
  <testcase name="testLerp" classname="org.apache.commons.geometry.euclidean.threed.Vector3DTest" time="0"/>
  <testcase name="testNorm" classname="org.apache.commons.geometry.euclidean.threed.Vector3DTest" time="0"/>
  <testcase name="testZero" classname="org.apache.commons.geometry.euclidean.threed.Vector3DTest" time="0"/>
  <testcase name="testSum_instanceMethods" classname="org.apache.commons.geometry.euclidean.threed.Vector3DTest" time="0.001"/>
  <testcase name="testToString" classname="org.apache.commons.geometry.euclidean.threed.Vector3DTest" time="0"/>
  <testcase name="testOf" classname="org.apache.commons.geometry.euclidean.threed.Vector3DTest" time="0.001"/>
  <testcase name="testPrecisionEquals" classname="org.apache.commons.geometry.euclidean.threed.Vector3DTest" time="0"/>
  <testcase name="testWithNorm_illegalNorm" classname="org.apache.commons.geometry.euclidean.threed.Vector3DTest" time="0.002"/>
  <testcase name="testOrthogonal_givenDirection_illegalNorm" classname="org.apache.commons.geometry.euclidean.threed.Vector3DTest" time="0.003"/>
  <testcase name="testProject" classname="org.apache.commons.geometry.euclidean.threed.Vector3DTest" time="0.001"/>
  <testcase name="testUnitFrom_vector" classname="org.apache.commons.geometry.euclidean.threed.Vector3DTest" time="0"/>
  <testcase name="testSum_accept" classname="org.apache.commons.geometry.euclidean.threed.Vector3DTest" time="0"/>
  <testcase name="testScalarMultiply" classname="org.apache.commons.geometry.euclidean.threed.Vector3DTest" time="0.001"/>
  <testcase name="testDimension" classname="org.apache.commons.geometry.euclidean.threed.Vector3DTest" time="0"/>
  <testcase name="testDotProduct" classname="org.apache.commons.geometry.euclidean.threed.Vector3DTest" time="0"/>
  <testcase name="testNormalizeOrNull_isIdempotent" classname="org.apache.commons.geometry.euclidean.threed.Vector3DTest" time="0.001"/>
  <testcase name="testWithNorm" classname="org.apache.commons.geometry.euclidean.threed.Vector3DTest" time="0"/>
  <testcase name="testNormalize_illegalNorm" classname="org.apache.commons.geometry.euclidean.threed.Vector3DTest" time="0.003"/>
  <testcase name="testCentroid" classname="org.apache.commons.geometry.euclidean.threed.Vector3DTest" time="0.001"/>
  <testcase name="testAngle_illegalNorm" classname="org.apache.commons.geometry.euclidean.threed.Vector3DTest" time="0.003"/>
  <testcase name="testReject_baseHasIllegalNorm" classname="org.apache.commons.geometry.euclidean.threed.Vector3DTest" time="0.002"/>
  <testcase name="testNorm_unitVectors" classname="org.apache.commons.geometry.euclidean.threed.Vector3DTest" time="0.001"/>
  <testcase name="testUnitFactoryOptimization" classname="org.apache.commons.geometry.euclidean.threed.Vector3DTest" time="0"/>
  <testcase name="testCrossProduct" classname="org.apache.commons.geometry.euclidean.threed.Vector3DTest" time="0"/>
  <testcase name="testSubtract_scaled" classname="org.apache.commons.geometry.euclidean.threed.Vector3DTest" time="0.001"/>
  <testcase name="testConstants" classname="org.apache.commons.geometry.euclidean.threed.Vector3DTest" time="0"/>
  <testcase name="testOrthogonal" classname="org.apache.commons.geometry.euclidean.threed.Vector3DTest" time="0.001"/>
  <testcase name="testCentroid_noPointsGiven" classname="org.apache.commons.geometry.euclidean.threed.Vector3DTest" time="0.001"/>
  <testcase name="testOrthogonal_givenDirection" classname="org.apache.commons.geometry.euclidean.threed.Vector3DTest" time="0.001"/>
  <testcase name="testCoordinateAscendingOrder" classname="org.apache.commons.geometry.euclidean.threed.Vector3DTest" time="0"/>
  <testcase name="testHashCode" classname="org.apache.commons.geometry.euclidean.threed.Vector3DTest" time="0"/>
  <testcase name="testInfinite" classname="org.apache.commons.geometry.euclidean.threed.Vector3DTest" time="0"/>
  <testcase name="testNormalizeOrNull" classname="org.apache.commons.geometry.euclidean.threed.Vector3DTest" time="0.001"/>
  <testcase name="testNormalize" classname="org.apache.commons.geometry.euclidean.threed.Vector3DTest" time="0.001"/>
  <testcase name="testConstants_normalize" classname="org.apache.commons.geometry.euclidean.threed.Vector3DTest" time="0.002"/>
  <testcase name="testOrthogonal_illegalNorm" classname="org.apache.commons.geometry.euclidean.threed.Vector3DTest" time="0.001"/>
  <testcase name="testDistance" classname="org.apache.commons.geometry.euclidean.threed.Vector3DTest" time="0"/>
  <testcase name="testMin_noPointsGiven" classname="org.apache.commons.geometry.euclidean.threed.Vector3DTest" time="0.001"/>
  <testcase name="testDirectionTo_illegalNorm" classname="org.apache.commons.geometry.euclidean.threed.Vector3DTest" time="0.002"/>
  <testcase name="testCoordinates" classname="org.apache.commons.geometry.euclidean.threed.Vector3DTest" time="0"/>
  <testcase name="testEquals" classname="org.apache.commons.geometry.euclidean.threed.Vector3DTest" time="0.001"/>
  <testcase name="testAdd_scaled" classname="org.apache.commons.geometry.euclidean.threed.Vector3DTest" time="0.001"/>
  <testcase name="testDotProduct_nearlyOrthogonal" classname="org.apache.commons.geometry.euclidean.threed.Vector3DTest" time="0"/>
  <testcase name="testFinite" classname="org.apache.commons.geometry.euclidean.threed.Vector3DTest" time="0"/>
  <testcase name="testIsZero" classname="org.apache.commons.geometry.euclidean.threed.Vector3DTest" time="0.001"/>
  <testcase name="testNormalize_isIdempotent" classname="org.apache.commons.geometry.euclidean.threed.Vector3DTest" time="0"/>
  <testcase name="testNegate_unitVectors" classname="org.apache.commons.geometry.euclidean.threed.Vector3DTest" time="0.001"/>
  <testcase name="testNegate" classname="org.apache.commons.geometry.euclidean.threed.Vector3DTest" time="0"/>
  <testcase name="testProject_baseHasIllegalNorm" classname="org.apache.commons.geometry.euclidean.threed.Vector3DTest" time="0.002"/>
  <testcase name="testNormSq" classname="org.apache.commons.geometry.euclidean.threed.Vector3DTest" time="0"/>
  <testcase name="testDistanceSq" classname="org.apache.commons.geometry.euclidean.threed.Vector3DTest" time="0"/>
  <testcase name="testReject" classname="org.apache.commons.geometry.euclidean.threed.Vector3DTest" time="0.001"/>
  <testcase name="testTransform" classname="org.apache.commons.geometry.euclidean.threed.Vector3DTest" time="0"/>
  <testcase name="testCrossProduct_nearlyAntiParallel" classname="org.apache.commons.geometry.euclidean.threed.Vector3DTest" time="0"/>
  <testcase name="testProjectAndReject_areComplementary" classname="org.apache.commons.geometry.euclidean.threed.Vector3DTest" time="0.006"/>
  <testcase name="testOf_arrayArg_invalidDimensions" classname="org.apache.commons.geometry.euclidean.threed.Vector3DTest" time="0.001"/>
  <testcase name="testOf_arrayArg" classname="org.apache.commons.geometry.euclidean.threed.Vector3DTest" time="0"/>
  <testcase name="testDirectionTo" classname="org.apache.commons.geometry.euclidean.threed.Vector3DTest" time="0.001"/>
  <testcase name="testAngle_angularSeparation" classname="org.apache.commons.geometry.euclidean.threed.Vector3DTest" time="0"/>
  <testcase name="testNormSq_unitVectors" classname="org.apache.commons.geometry.euclidean.threed.Vector3DTest" time="0"/>
</testsuite>