<?xml version="1.0" encoding="UTF-8"?>
<testsuite xmlns:xsi="http://www.w3.org/2001/XMLSchema-instance" xsi:noNamespaceSchemaLocation="https://maven.apache.org/surefire/maven-surefire-plugin/xsd/surefire-test-report-3.0.xsd" version="3.0" name="org.apache.commons.geometry.euclidean.threed.RegionBSPTree3DTest" time="2.565" tests="72" errors="0" skipped="0" failures="0">
  <properties>
[...]
</properties>
  <testcase name="testLinecast_removesDuplicatePoints" classname="org.apache.commons.geometry.euclidean.threed.RegionBSPTree3DTest" time="0.002"/>
  <testcase name="testTwoBoxes_sharedEdge" classname="org.apache.commons.geometry.euclidean.threed.RegionBSPTree3DTest" time="0.003"/>
  <testcase name="testTwoBoxes_sharedSide" classname="org.apache.commons.geometry.euclidean.threed.RegionBSPTree3DTest" time="0.002"/>
  <testcase name="testBoundaryStream" classname="org.apache.commons.geometry.euclidean.threed.RegionBSPTree3DTest" time="0.001"/>
  <testcase name="testBoundaries" classname="org.apache.commons.geometry.euclidean.threed.RegionBSPTree3DTest" time="0.002"/>
  <testcase name="testCtor_default" classname="org.apache.commons.geometry.euclidean.threed.RegionBSPTree3DTest" time="0"/>
  <testcase name="testToTriangleMesh_empty" classname="org.apache.commons.geometry.euclidean.threed.RegionBSPTree3DTest" time="0.001"/>
  <testcase name="testXor_self" classname="org.apache.commons.geometry.euclidean.threed.RegionBSPTree3DTest" time="0.049"/>
  <testcase name="testFromConvexVolume_full" classname="org.apache.commons.geometry.euclidean.threed.RegionBSPTree3DTest" time="0.001"/>
  <testcase name="testDifference_self" classname="org.apache.commons.geometry.euclidean.threed.RegionBSPTree3DTest" time="0.046"/>
  <testcase name="testToConvex_multipleBoxes" classname="org.apache.commons.geometry.euclidean.threed.RegionBSPTree3DTest" time="0.003"/>
  <testcase name="testGetNodeRegion" classname="org.apache.commons.geometry.euclidean.threed.RegionBSPTree3DTest" time="0.002"/>
  <testcase name="testGetBounds_hasBounds" classname="org.apache.commons.geometry.euclidean.threed.RegionBSPTree3DTest" time="0.001"/>
  <testcase name="testTwoBoxes_disjoint" classname="org.apache.commons.geometry.euclidean.threed.RegionBSPTree3DTest" time="0.002"/>
  <testcase name="testTriangleStream_roundTrip" classname="org.apache.commons.geometry.euclidean.threed.RegionBSPTree3DTest" time="0.006"/>
  <testcase name="testLinecastFirst_rayPointOnFace" classname="org.apache.commons.geometry.euclidean.threed.RegionBSPTree3DTest" time="0.001"/>
  <testcase name="testIntersection_self" classname="org.apache.commons.geometry.euclidean.threed.RegionBSPTree3DTest" time="0.044"/>
  <testcase name="testFrom_boundaries_noBoundaries" classname="org.apache.commons.geometry.euclidean.threed.RegionBSPTree3DTest" time="0"/>
  <testcase name="testProjectToBoundary_invertedRegion" classname="org.apache.commons.geometry.euclidean.threed.RegionBSPTree3DTest" time="0.003"/>
  <testcase name="testEmpty" classname="org.apache.commons.geometry.euclidean.threed.RegionBSPTree3DTest" time="0.001"/>
  <testcase name="testSplit" classname="org.apache.commons.geometry.euclidean.threed.RegionBSPTree3DTest" time="0.002"/>
  <testcase name="testCopy" classname="org.apache.commons.geometry.euclidean.threed.RegionBSPTree3DTest" time="0"/>
  <testcase name="testFull" classname="org.apache.commons.geometry.euclidean.threed.RegionBSPTree3DTest" time="0"/>
  <testcase name="testTriangleStream" classname="org.apache.commons.geometry.euclidean.threed.RegionBSPTree3DTest" time="0.001"/>
  <testcase name="testBoolean_xor_cubeAndSphere" classname="org.apache.commons.geometry.euclidean.threed.RegionBSPTree3DTest" time="0.05"/>
  <testcase name="testBoolean_xor_twoCubes" classname="org.apache.commons.geometry.euclidean.threed.RegionBSPTree3DTest" time="0.003"/>
  <testcase name="testTwoBoxes_separationLessThanTolerance" classname="org.apache.commons.geometry.euclidean.threed.RegionBSPTree3DTest" time="0.002"/>
  <testcase name="testLinecastFirst_lineParallelToFace" classname="org.apache.commons.geometry.euclidean.threed.RegionBSPTree3DTest" time="0.002"/>
  <testcase name="testHalfSpace" classname="org.apache.commons.geometry.euclidean.threed.RegionBSPTree3DTest" time="0.001"/>
  <testcase name="testToConvex_singleBox" classname="org.apache.commons.geometry.euclidean.threed.RegionBSPTree3DTest" time="0.002"/>
  <testcase name="testLinecast_complexRegion" classname="org.apache.commons.geometry.euclidean.threed.RegionBSPTree3DTest" time="0.005"/>
  <testcase name="testToConvex_empty" classname="org.apache.commons.geometry.euclidean.threed.RegionBSPTree3DTest" time="0"/>
  <testcase name="testPartitionedRegionBuilder_insertPartitionAfterBoundary" classname="org.apache.commons.geometry.euclidean.threed.RegionBSPTree3DTest" time="0.002"/>
  <testcase name="testLinecast_empty" classname="org.apache.commons.geometry.euclidean.threed.RegionBSPTree3DTest" time="0"/>
  <testcase name="testFrom_boundaries_fullIsTrue" classname="org.apache.commons.geometry.euclidean.threed.RegionBSPTree3DTest" time="0"/>
  <testcase name="testLinecast_full" classname="org.apache.commons.geometry.euclidean.threed.RegionBSPTree3DTest" time="0"/>
  <testcase name="testUnitBox" classname="org.apache.commons.geometry.euclidean.threed.RegionBSPTree3DTest" time="0.002"/>
  <testcase name="testLinecastFirst_linePassesThroughVertex" classname="org.apache.commons.geometry.euclidean.threed.RegionBSPTree3DTest" time="0.001"/>
  <testcase name="testTriangleStream_noBoundaries" classname="org.apache.commons.geometry.euclidean.threed.RegionBSPTree3DTest" time="0.023"/>
  <testcase name="testTetrahedron" classname="org.apache.commons.geometry.euclidean.threed.RegionBSPTree3DTest" time="0.002"/>
  <testcase name="testFromConvexVolume_finite" classname="org.apache.commons.geometry.euclidean.threed.RegionBSPTree3DTest" time="0.002"/>
  <testcase name="testPartitionedRegionBuilder_halfSpace" classname="org.apache.commons.geometry.euclidean.threed.RegionBSPTree3DTest" time="0.001"/>
  <testcase name="testBoolean_union" classname="org.apache.commons.geometry.euclidean.threed.RegionBSPTree3DTest" time="0.056"/>
  <testcase name="testToTree_returnsSameInstance" classname="org.apache.commons.geometry.euclidean.threed.RegionBSPTree3DTest" time="0.001"/>
  <testcase name="testBoolean_difference" classname="org.apache.commons.geometry.euclidean.threed.RegionBSPTree3DTest" time="0.039"/>
  <testcase name="testFrom_boundaries" classname="org.apache.commons.geometry.euclidean.threed.RegionBSPTree3DTest" time="0"/>
  <testcase name="testLinecastFirst_onlyReturnsPointsWithinSegment" classname="org.apache.commons.geometry.euclidean.threed.RegionBSPTree3DTest" time="0.001"/>
  <testcase name="testLinecastFirst_multipleDirections" classname="org.apache.commons.geometry.euclidean.threed.RegionBSPTree3DTest" time="0.002"/>
  <testcase name="testGetBoundaries" classname="org.apache.commons.geometry.euclidean.threed.RegionBSPTree3DTest" time="0.001"/>
  <testcase name="testToTriangleMesh_infiniteBoundary" classname="org.apache.commons.geometry.euclidean.threed.RegionBSPTree3DTest" time="0.001"/>
  <testcase name="testLinecastFirst_rayPointOnVertex" classname="org.apache.commons.geometry.euclidean.threed.RegionBSPTree3DTest" time="0.001"/>
  <testcase name="testGetBounds_noBounds" classname="org.apache.commons.geometry.euclidean.threed.RegionBSPTree3DTest" time="0"/>
  <testcase name="testPartitionedRegionBuilder_cube" classname="org.apache.commons.geometry.euclidean.threed.RegionBSPTree3DTest" time="1.022"/>
  <testcase name="testBoundaryStream_noBoundaries" classname="org.apache.commons.geometry.euclidean.threed.RegionBSPTree3DTest" time="0"/>
  <testcase name="testCtor_boolean" classname="org.apache.commons.geometry.euclidean.threed.RegionBSPTree3DTest" time="0"/>
  <testcase name="testProjectToBoundary" classname="org.apache.commons.geometry.euclidean.threed.RegionBSPTree3DTest" time="0.001"/>
  <testcase name="testToTriangleMesh_full" classname="org.apache.commons.geometry.euclidean.threed.RegionBSPTree3DTest" time="0"/>
  <testcase name="testBoolean_multiple" classname="org.apache.commons.geometry.euclidean.threed.RegionBSPTree3DTest" time="0.121"/>
  <testcase name="testToList_fullAndEmpty" classname="org.apache.commons.geometry.euclidean.threed.RegionBSPTree3DTest" time="0"/>
  <testcase name="testSlightlyConcavePrism" classname="org.apache.commons.geometry.euclidean.threed.RegionBSPTree3DTest" time="0.001"/>
  <testcase name="testPartitionedRegionBuilder_nonConvex" classname="org.apache.commons.geometry.euclidean.threed.RegionBSPTree3DTest" time="0.934"/>
  <testcase name="testInvertedRegion" classname="org.apache.commons.geometry.euclidean.threed.RegionBSPTree3DTest" time="0.001"/>
  <testcase name="testToTriangleMesh" classname="org.apache.commons.geometry.euclidean.threed.RegionBSPTree3DTest" time="0.001"/>
  <testcase name="testGeometricProperties_mixedCutRules" classname="org.apache.commons.geometry.euclidean.threed.RegionBSPTree3DTest" time="0.002"/>
  <testcase name="testTwoBoxes_sharedPoint" classname="org.apache.commons.geometry.euclidean.threed.RegionBSPTree3DTest" time="0.001"/>
  <testcase name="testBoolean_intersection" classname="org.apache.commons.geometry.euclidean.threed.RegionBSPTree3DTest" time="0.025"/>
  <testcase name="testSphere" classname="org.apache.commons.geometry.euclidean.threed.RegionBSPTree3DTest" time="0.026"/>
  <testcase name="testToList" classname="org.apache.commons.geometry.euclidean.threed.RegionBSPTree3DTest" time="0.001"/>
  <testcase name="testLinecast_complementedTree" classname="org.apache.commons.geometry.euclidean.threed.RegionBSPTree3DTest" time="0.001"/>
  <testcase name="testLinecast" classname="org.apache.commons.geometry.euclidean.threed.RegionBSPTree3DTest" time="0"/>
  <testcase name="testUnion_self" classname="org.apache.commons.geometry.euclidean.threed.RegionBSPTree3DTest" time="0.026"/>
  <testcase name="testFromConvexVolume_infinite" classname="org.apache.commons.geometry.euclidean.threed.RegionBSPTree3DTest" time="0.001"/>
</testsuite>