GROUP,PACKAGE,CLASS,INSTRUCTION_MISSED,INSTRUCTION_COVERED,BRANCH_MISSED,BRANCH_COVERED,LINE_MISSED,LINE_COVERED,COMPLEXITY_MISSED,COMPLEXITY_COVERED,METHOD_MISSED,METHOD_COVERED
Apache Commons Geometry Euclidean,org.apache.commons.geometry.euclidean.threed,Planes,0,599,0,42,0,97,0,44,0,23
Apache Commons Geometry Euclidean,org.apache.commons.geometry.euclidean.threed,AffineTransformMatrix3D,0,1294,0,32,0,163,0,57,0,41
Apache Commons Geometry Euclidean,org.apache.commons.geometry.euclidean.threed,Vector3D,0,960,0,78,0,146,0,92,0,53
Apache Commons Geometry Euclidean,org.apache.commons.geometry.euclidean.threed,AbstractPlaneSubset,0,14,0,0,0,4,0,4,0,4
Apache Commons Geometry Euclidean,org.apache.commons.geometry.euclidean.threed,RegionBSPTree3D.RegionNode3D,0,37,0,4,0,11,0,5,0,3
Apache Commons Geometry Euclidean,org.apache.commons.geometry.euclidean.threed,Vector3D.Sum,0,109,0,2,0,23,0,8,0,7
Apache Commons Geometry Euclidean,org.apache.commons.geometry.euclidean.threed,BoundarySourceBoundsBuilder3D,0,43,1,7,0,13,1,5,0,2
Apache Commons Geometry Euclidean,org.apache.commons.geometry.euclidean.threed,Planes.PlaneBuilder,0,219,0,26,0,46,0,21,0,8
Apache Commons Geometry Euclidean,org.apache.commons.geometry.euclidean.threed,SphericalCoordinates,0,262,0,40,0,52,0,39,0,19
Apache Commons Geometry Euclidean,org.apache.commons.geometry.euclidean.threed,ConvexVolume,0,203,0,14,0,46,0,19,0,12
Apache Commons Geometry Euclidean,org.apache.commons.geometry.euclidean.threed,RegionBSPTree3D.BoundaryProjector3D,0,15,0,2,0,4,0,3,0,2
Apache Commons Geometry Euclidean,org.apache.commons.geometry.euclidean.threed,EmbeddingPlane.SubspaceTransform,0,15,0,0,0,6,0,3,0,3
Apache Commons Geometry Euclidean,org.apache.commons.geometry.euclidean.threed,Triangle3D,0,3,0,0,0,1,0,1,0,1
Apache Commons Geometry Euclidean,org.apache.commons.geometry.euclidean.threed,Planes.PlaneRegionExtruder,0,401,0,30,0,73,0,21,0,6
Apache Commons Geometry Euclidean,org.apache.commons.geometry.euclidean.threed,RegionBSPTree3D.RegionSizePropertiesVisitor,0,152,1,15,0,31,1,10,0,3
Apache Commons Geometry Euclidean,org.apache.commons.geometry.euclidean.threed,BoundaryList3D,0,6,0,0,0,3,0,2,0,2
Apache Commons Geometry Euclidean,org.apache.commons.geometry.euclidean.threed,RegionBSPTree3D.PartitionedRegionBuilder3D,0,116,0,4,0,28,0,13,0,11
Apache Commons Geometry Euclidean,org.apache.commons.geometry.euclidean.threed,Bounds3D,0,384,0,52,0,67,0,44,0,18
Apache Commons Geometry Euclidean,org.apache.commons.geometry.euclidean.threed,EmbeddingPlane,0,365,2,14,0,73,2,22,0,16
Apache Commons Geometry Euclidean,org.apache.commons.geometry.euclidean.threed,Bounds3D.Builder,0,192,3,21,0,38,3,15,0,6
Apache Commons Geometry Euclidean,org.apache.commons.geometry.euclidean.threed,Bounds3D.BoundsLinecaster3D,0,98,0,8,0,21,0,14,0,10
Apache Commons Geometry Euclidean,org.apache.commons.geometry.euclidean.threed,RegionBSPTree3D,0,193,0,8,0,46,0,24,0,20
Apache Commons Geometry Euclidean,org.apache.commons.geometry.euclidean.threed,BoundarySource3D,0,61,0,0,0,13,0,10,0,10
Apache Commons Geometry Euclidean,org.apache.commons.geometry.euclidean.threed,VertexListConvexPolygon3D,0,72,0,2,0,17,0,6,0,5
Apache Commons Geometry Euclidean,org.apache.commons.geometry.euclidean.threed,Plane,0,652,1,41,0,104,1,48,0,28
Apache Commons Geometry Euclidean,org.apache.commons.geometry.euclidean.threed,EmbeddedAreaPlaneConvexSubset,0,113,0,2,0,24,0,11,0,10
Apache Commons Geometry Euclidean,org.apache.commons.geometry.euclidean.threed,Vector3D.Unit,0,204,0,10,0,36,0,16,0,11
Apache Commons Geometry Euclidean,org.apache.commons.geometry.euclidean.threed,AbstractEmbeddedRegionPlaneSubset,0,116,0,4,0,33,0,15,0,13
Apache Commons Geometry Euclidean,org.apache.commons.geometry.euclidean.threed,BoundarySourceLinecaster3D,0,70,0,2,0,18,0,7,0,6
Apache Commons Geometry Euclidean,org.apache.commons.geometry.euclidean.threed,SimpleTriangle3D,0,122,0,0,0,20,0,9,0,9
Apache Commons Geometry Euclidean,org.apache.commons.geometry.euclidean.threed,PlaneConvexSubset,0,3,0,0,0,1,0,1,0,1
Apache Commons Geometry Euclidean,org.apache.commons.geometry.euclidean.threed,EmbeddedTreePlaneSubset,0,239,0,12,0,60,0,20,0,14
Apache Commons Geometry Euclidean,org.apache.commons.geometry.euclidean.threed,AbstractConvexPolygon3D,0,702,1,65,0,174,1,45,0,13
Apache Commons Geometry Euclidean,org.apache.commons.geometry.euclidean.threed,RegionBSPTree3D.LinecastVisitor,0,168,0,28,0,46,0,20,0,6
Apache Commons Geometry Euclidean,org.apache.commons.geometry.euclidean.internal,Vectors,0,93,0,6,0,19,0,15,0,12
Apache Commons Geometry Euclidean,org.apache.commons.geometry.euclidean.internal,Matrices,0,86,0,4,0,9,0,7,0,5
Apache Commons Geometry Euclidean,org.apache.commons.geometry.euclidean.internal,AbstractPathConnector.ConnectableElement,0,85,0,16,0,27,0,18,0,10
Apache Commons Geometry Euclidean,org.apache.commons.geometry.euclidean.internal,EuclideanUtils,0,164,0,12,0,39,0,8,0,2
Apache Commons Geometry Euclidean,org.apache.commons.geometry.euclidean.internal,AbstractPathConnector,0,318,3,59,0,78,3,37,0,9
Apache Commons Geometry Euclidean,org.apache.commons.geometry.euclidean.twod.shape,Circle.CircleApproximationBuilder,0,197,0,8,0,39,0,9,0,5
Apache Commons Geometry Euclidean,org.apache.commons.geometry.euclidean.twod.shape,Parallelogram.Builder,0,70,0,0,0,22,0,9,0,9
Apache Commons Geometry Euclidean,org.apache.commons.geometry.euclidean.twod.shape,Circle,0,96,0,0,0,18,0,12,0,12
Apache Commons Geometry Euclidean,org.apache.commons.geometry.euclidean.twod.shape,Parallelogram,0,183,0,6,0,36,0,9,0,6
Apache Commons Geometry Euclidean,org.apache.commons.geometry.euclidean.threed.line,Linecastable3D,0,10,0,0,0,2,0,2,0,2
Apache Commons Geometry Euclidean,org.apache.commons.geometry.euclidean.threed.line,Ray3D,0,102,0,4,0,32,0,17,0,15
Apache Commons Geometry Euclidean,org.apache.commons.geometry.euclidean.threed.line,Lines3D,0,257,1,21,0,45,1,25,0,15
Apache Commons Geometry Euclidean,org.apache.commons.geometry.euclidean.threed.line,LineConvexSubset3D,0,38,0,4,0,8,0,6,0,4
Apache Commons Geometry Euclidean,org.apache.commons.geometry.euclidean.threed.line,Segment3D,0,154,0,8,0,42,0,18,0,14
Apache Commons Geometry Euclidean,org.apache.commons.geometry.euclidean.threed.line,Line3D.SubspaceTransform,0,15,0,0,0,6,0,3,0,3
Apache Commons Geometry Euclidean,org.apache.commons.geometry.euclidean.threed.line,EmbeddedTreeLineSubset3D,0,165,0,8,0,47,0,15,0,11
Apache Commons Geometry Euclidean,org.apache.commons.geometry.euclidean.threed.line,LineSubset3D,0,19,0,0,0,6,0,4,0,4
Apache Commons Geometry Euclidean,org.apache.commons.geometry.euclidean.threed.line,ReverseRay3D,0,98,0,4,0,31,0,16,0,14
Apache Commons Geometry Euclidean,org.apache.commons.geometry.euclidean.threed.line,Line3D,0,403,2,24,0,75,2,40,0,29
Apache Commons Geometry Euclidean,org.apache.commons.geometry.euclidean.threed.line,LineSpanningSubset3D,0,56,0,0,0,18,0,13,0,13
Apache Commons Geometry Euclidean,org.apache.commons.geometry.euclidean.threed.line,LinecastPoint3D,0,136,0,18,0,30,0,15,0,6
Apache Commons Geometry Euclidean,org.apache.commons.geometry.euclidean.twod,Vector2D.Unit,0,153,0,10,0,33,0,17,0,12
Apache Commons Geometry Euclidean,org.apache.commons.geometry.euclidean.twod,Vector2D,0,723,0,62,0,125,0,83,0,52
Apache Commons Geometry Euclidean,org.apache.commons.geometry.euclidean.twod,Bounds2D.BoundsLinecaster2D,0,87,0,6,0,19,0,13,0,10
Apache Commons Geometry Euclidean,org.apache.commons.geometry.euclidean.twod,Line,0,490,1,23,0,88,1,47,0,36
Apache Commons Geometry Euclidean,org.apache.commons.geometry.euclidean.twod,ReverseRay,0,186,0,18,0,45,0,26,0,17
Apache Commons Geometry Euclidean,org.apache.commons.geometry.euclidean.twod,LineSubset,0,132,0,18,0,26,0,21,0,12
Apache Commons Geometry Euclidean,org.apache.commons.geometry.euclidean.twod,Segment,0,246,0,24,0,57,0,29,0,17
Apache Commons Geometry Euclidean,org.apache.commons.geometry.euclidean.twod,Lines,0,336,1,27,0,53,1,29,0,16
Apache Commons Geometry Euclidean,org.apache.commons.geometry.euclidean.twod,Bounds2D.Builder,0,159,2,18,0,31,2,14,0,6
Apache Commons Geometry Euclidean,org.apache.commons.geometry.euclidean.twod,RegionBSPTree2D.PartitionedRegionBuilder2D,0,109,0,4,0,27,0,13,0,11
Apache Commons Geometry Euclidean,org.apache.commons.geometry.euclidean.twod,BoundarySourceLinecaster2D,0,70,0,2,0,18,0,7,0,6
Apache Commons Geometry Euclidean,org.apache.commons.geometry.euclidean.twod,BoundarySource2D,0,48,0,0,0,11,0,7,0,7
Apache Commons Geometry Euclidean,org.apache.commons.geometry.euclidean.twod,BoundaryList2D,0,6,0,0,0,3,0,2,0,2
Apache Commons Geometry Euclidean,org.apache.commons.geometry.euclidean.twod,ConvexArea,0,332,0,30,0,71,0,31,0,16
Apache Commons Geometry Euclidean,org.apache.commons.geometry.euclidean.twod,LinecastPoint2D,0,127,0,16,0,29,0,14,0,6
Apache Commons Geometry Euclidean,org.apache.commons.geometry.euclidean.twod,RegionBSPTree2D.BoundaryProjector2D,0,15,0,2,0,4,0,3,0,2
Apache Commons Geometry Euclidean,org.apache.commons.geometry.euclidean.twod,Linecastable2D,0,10,0,0,0,2,0,2,0,2
Apache Commons Geometry Euclidean,org.apache.commons.geometry.euclidean.twod,LineConvexSubset,0,61,0,2,0,18,0,9,0,8
Apache Commons Geometry Euclidean,org.apache.commons.geometry.euclidean.twod,Ray,0,190,0,18,0,46,0,27,0,18
Apache Commons Geometry Euclidean,org.apache.commons.geometry.euclidean.twod,RegionBSPTree2D.RegionNode2D,0,37,0,4,0,11,0,5,0,3
Apache Commons Geometry Euclidean,org.apache.commons.geometry.euclidean.twod,Vector2D.Sum,0,88,0,2,0,19,0,8,0,7
Apache Commons Geometry Euclidean,org.apache.commons.geometry.euclidean.twod,AffineTransformMatrix2D,0,774,0,20,0,121,0,55,0,45
Apache Commons Geometry Euclidean,org.apache.commons.geometry.euclidean.twod,BoundarySourceBoundsBuilder2D,0,48,1,7,0,14,1,5,0,2
Apache Commons Geometry Euclidean,org.apache.commons.geometry.euclidean.twod,Bounds2D,0,325,0,38,0,59,0,37,0,18
Apache Commons Geometry Euclidean,org.apache.commons.geometry.euclidean.twod,EmbeddedTreeLineSubset,2,290,2,16,0,78,2,24,0,17
Apache Commons Geometry Euclidean,org.apache.commons.geometry.euclidean.twod,RegionBSPTree2D,0,314,1,19,0,76,1,33,0,24
Apache Commons Geometry Euclidean,org.apache.commons.geometry.euclidean.twod,LineSpanningSubset,0,86,0,0,0,24,0,16,0,16
Apache Commons Geometry Euclidean,org.apache.commons.geometry.euclidean.twod,Line.SubspaceTransform,0,15,0,0,0,6,0,3,0,3
Apache Commons Geometry Euclidean,org.apache.commons.geometry.euclidean.twod,RegionBSPTree2D.LinecastVisitor,0,168,1,27,0,46,1,19,0,6
Apache Commons Geometry Euclidean,org.apache.commons.geometry.euclidean.twod,PolarCoordinates,0,192,0,30,0,41,0,32,0,17
Apache Commons Geometry Euclidean,org.apache.commons.geometry.euclidean,AbstractNSphere,0,302,0,30,0,61,0,29,0,14
Apache Commons Geometry Euclidean,org.apache.commons.geometry.euclidean,PointMap1DImpl.NearToFarIterator,1,114,1,19,1,25,1,13,0,4
Apache Commons Geometry Euclidean,org.apache.commons.geometry.euclidean,AbstractAffineTransformMatrix,0,16,0,2,0,3,0,4,0,3
Apache Commons Geometry Euclidean,org.apache.commons.geometry.euclidean,PointMap1DImpl.FarToNearIterator,1,165,1,29,1,30,1,17,0,3
Apache Commons Geometry Euclidean,org.apache.commons.geometry.euclidean,AbstractLinecastPoint,0,126,0,12,0,31,0,14,0,8
Apache Commons Geometry Euclidean,org.apache.commons.geometry.euclidean,AbstractBounds,0,71,0,4,0,18,0,9,0,7
Apache Commons Geometry Euclidean,org.apache.commons.geometry.euclidean,EuclideanCollections,0,33,0,0,0,6,0,6,0,6
Apache Commons Geometry Euclidean,org.apache.commons.geometry.euclidean,PointMap3DImpl.MapNode3D,0,309,0,38,0,62,0,27,0,8
Apache Commons Geometry Euclidean,org.apache.commons.geometry.euclidean,AbstractBounds.BoundsLinecaster,0,254,1,33,0,52,1,23,0,7
Apache Commons Geometry Euclidean,org.apache.commons.geometry.euclidean,PointMap2DImpl,0,38,0,0,0,5,0,4,0,4
Apache Commons Geometry Euclidean,org.apache.commons.geometry.euclidean,PointMap1DImpl,0,70,0,4,0,18,0,13,0,11
Apache Commons Geometry Euclidean,org.apache.commons.geometry.euclidean,EuclideanVectorSum,0,8,0,0,0,3,0,2,0,2
Apache Commons Geometry Euclidean,org.apache.commons.geometry.euclidean,EuclideanVector,0,13,0,0,0,3,0,3,0,3
Apache Commons Geometry Euclidean,org.apache.commons.geometry.euclidean,PointMap3DImpl,0,54,0,0,0,5,0,4,0,4
Apache Commons Geometry Euclidean,org.apache.commons.geometry.euclidean,PointMap2DImpl.MapNode2D,0,221,0,24,0,47,0,20,0,8
Apache Commons Geometry Euclidean,org.apache.commons.geometry.euclidean,MultiDimensionalEuclideanVector,0,3,0,0,0,1,0,1,0,1
Apache Commons Geometry Euclidean,org.apache.commons.geometry.euclidean.threed.mesh,SimpleTriangleMesh.SimpleTriangleFace,0,137,0,2,0,32,0,11,0,10
Apache Commons Geometry Euclidean,org.apache.commons.geometry.euclidean.threed.mesh,SimpleTriangleMesh.Builder,0,364,0,24,0,85,0,34,0,22
Apache Commons Geometry Euclidean,org.apache.commons.geometry.euclidean.threed.mesh,SimpleTriangleMesh,0,249,0,8,0,60,0,27,0,23
Apache Commons Geometry Euclidean,org.apache.commons.geometry.euclidean.threed.mesh,SimpleTriangleMesh.FaceIterator,0,43,0,4,0,8,0,5,0,3
Apache Commons Geometry Euclidean,org.apache.commons.geometry.euclidean.twod.rotation,Rotation2D,0,172,0,6,0,34,0,17,0,14
Apache Commons Geometry Euclidean,org.apache.commons.geometry.euclidean.twod.path,LinePath.SimplifiedLinePath,0,6,0,0,0,3,0,2,0,2
Apache Commons Geometry Euclidean,org.apache.commons.geometry.euclidean.twod.path,InteriorAngleLinePathConnector.Maximize,0,11,0,2,0,2,0,3,0,2
Apache Commons Geometry Euclidean,org.apache.commons.geometry.euclidean.twod.path,InteriorAngleLinePathConnector.Minimize,0,11,0,2,0,2,0,3,0,2
Apache Commons Geometry Euclidean,org.apache.commons.geometry.euclidean.twod.path,InteriorAngleLinePathConnector,0,55,0,6,0,14,0,7,0,4
Apache Commons Geometry Euclidean,org.apache.commons.geometry.euclidean.twod.path,LinePath,1,477,2,58,0,110,2,54,0,26
Apache Commons Geometry Euclidean,org.apache.commons.geometry.euclidean.twod.path,LinePath.Builder,0,474,4,76,0,115,4,58,0,22
Apache Commons Geometry Euclidean,org.apache.commons.geometry.euclidean.twod.path,AbstractLinePathConnector,0,116,0,10,0,28,0,12,0,7
Apache Commons Geometry Euclidean,org.apache.commons.geometry.euclidean.twod.path,AbstractLinePathConnector.ConnectableLineSubset,0,257,6,44,0,51,6,35,0,16
Apache Commons Geometry Euclidean,org.apache.commons.geometry.euclidean.threed.rotation,AxisReferenceFrame,0,15,0,0,0,3,0,1,0,1
Apache Commons Geometry Euclidean,org.apache.commons.geometry.euclidean.threed.rotation,AxisAngleSequence,0,181,0,14,0,38,0,19,0,12
Apache Commons Geometry Euclidean,org.apache.commons.geometry.euclidean.threed.rotation,AxisSequenceType,0,15,0,0,0,3,0,1,0,1
Apache Commons Geometry Euclidean,org.apache.commons.geometry.euclidean.threed.rotation,AxisSequence,0,170,0,0,0,24,0,7,0,7
Apache Commons Geometry Euclidean,org.apache.commons.geometry.euclidean.threed.rotation,QuaternionRotation,4,1251,3,47,1,216,3,56,0,34
Apache Commons Geometry Euclidean,org.apache.commons.geometry.euclidean.threed.shape,Parallelepiped,0,362,0,6,0,54,0,11,0,8
Apache Commons Geometry Euclidean,org.apache.commons.geometry.euclidean.threed.shape,Sphere,0,139,0,4,0,24,0,15,0,13
Apache Commons Geometry Euclidean,org.apache.commons.geometry.euclidean.threed.shape,Sphere.SphereTreeApproximationBuilder,0,465,0,6,0,73,0,9,0,6
Apache Commons Geometry Euclidean,org.apache.commons.geometry.euclidean.threed.shape,Sphere.SphereMeshApproximationBuilder,0,191,0,2,0,36,0,4,0,3
Apache Commons Geometry Euclidean,org.apache.commons.geometry.euclidean.threed.shape,Parallelepiped.Builder,0,61,0,0,0,18,0,7,0,7
Apache Commons Geometry Euclidean,org.apache.commons.geometry.euclidean.oned,Vector1D.Unit,0,70,0,10,0,20,0,16,0,11
Apache Commons Geometry Euclidean,org.apache.commons.geometry.euclidean.oned,RegionBSPTree1D.BoundaryProjector1D,2,27,1,7,0,6,1,5,0,2
Apache Commons Geometry Euclidean,org.apache.commons.geometry.euclidean.oned,OrientedPoint.OrientedPointConvexSubset,0,102,0,6,0,31,0,18,0,15
Apache Commons Geometry Euclidean,org.apache.commons.geometry.euclidean.oned,RegionBSPTree1D.RegionNode1D,0,66,0,18,0,20,0,13,0,4
Apache Commons Geometry Euclidean,org.apache.commons.geometry.euclidean.oned,AffineTransformMatrix1D,0,332,0,12,0,64,0,35,0,29
Apache Commons Geometry Euclidean,org.apache.commons.geometry.euclidean.oned,Interval,0,630,2,134,0,136,2,99,0,33
Apache Commons Geometry Euclidean,org.apache.commons.geometry.euclidean.oned,RegionBSPTree1D,0,358,0,40,0,89,0,44,0,24
Apache Commons Geometry Euclidean,org.apache.commons.geometry.euclidean.oned,RegionBSPTree1D.BoundaryPair,0,24,0,2,0,7,0,5,0,4
Apache Commons Geometry Euclidean,org.apache.commons.geometry.euclidean.oned,OrientedPoint,0,256,0,28,0,55,0,32,0,18
Apache Commons Geometry Euclidean,org.apache.commons.geometry.euclidean.oned,RegionBSPTree1D.RegionSizePropertiesVisitor,0,88,0,10,0,15,0,7,0,2
Apache Commons Geometry Euclidean,org.apache.commons.geometry.euclidean.oned,RegionBSPTree1D.NodeRegionVisitor,0,29,0,8,0,4,0,6,0,2
Apache Commons Geometry Euclidean,org.apache.commons.geometry.euclidean.oned,Vector1D,0,300,0,26,0,63,0,47,0,34
Apache Commons Geometry Euclidean,org.apache.commons.geometry.euclidean.oned,OrientedPoints,0,68,0,4,0,10,0,9,0,7
Apache Commons Geometry Euclidean,org.apache.commons.geometry.euclidean.oned,Vector1D.Sum,0,67,0,2,0,14,0,8,0,7
Apache Commons Geometry Euclidean,org.apache.commons.geometry.euclidean.twod.hull,ConvexHull2D,0,72,0,6,0,21,0,9,0,6
Apache Commons Geometry Euclidean,org.apache.commons.geometry.euclidean.twod.hull,ConvexHull2D.Builder,2,561,2,64,1,118,2,43,0,12
