<?xml version="1.0" encoding="UTF-8"?>
<testsuite xmlns:xsi="http://www.w3.org/2001/XMLSchema-instance" xsi:noNamespaceSchemaLocation="https://maven.apache.org/surefire/maven-surefire-plugin/xsd/surefire-test-report-3.0.xsd" version="3.0" name="org.apache.commons.geometry.spherical.oned.PointSet1STest" time="1.927" tests="47" errors="0" skipped="0" failures="0">
  <properties>
[...]
</properties>
  <testcase name="testContainsGet_nanAndInf" classname="org.apache.commons.geometry.spherical.oned.PointSet1STest" time="0.001"/>
  <testcase name="testClear_empty" classname="org.apache.commons.geometry.spherical.oned.PointSet1STest" time="0"/>
  <testcase name="testRetainAll_empty" classname="org.apache.commons.geometry.spherical.oned.PointSet1STest" time="0.001"/>
  <testcase name="testNearToFar_concurrentModification" classname="org.apache.commons.geometry.spherical.oned.PointSet1STest" time="0.004"/>
  <testcase name="testNearToFar_invalidArgs" classname="org.apache.commons.geometry.spherical.oned.PointSet1STest" time="0.002"/>
  <testcase name="testNearToFar_iteratorBehavior" classname="org.apache.commons.geometry.spherical.oned.PointSet1STest" time="0.001"/>
  <testcase name="testToArray" classname="org.apache.commons.geometry.spherical.oned.PointSet1STest" time="0.001"/>
  <testcase name="testAdd" classname="org.apache.commons.geometry.spherical.oned.PointSet1STest" time="0.007"/>
  <testcase name="testContainsGet_invalidArgs" classname="org.apache.commons.geometry.spherical.oned.PointSet1STest" time="0.002"/>
  <testcase name="testEmpty" classname="org.apache.commons.geometry.spherical.oned.PointSet1STest" time="0.001"/>
  <testcase name="testContainsGet_equivalentPoints_singleEntry" classname="org.apache.commons.geometry.spherical.oned.PointSet1STest" time="0.001"/>
  <testcase name="testToString" classname="org.apache.commons.geometry.spherical.oned.PointSet1STest" time="0"/>
  <testcase name="testIterator_remove" classname="org.apache.commons.geometry.spherical.oned.PointSet1STest" time="0.002"/>
  <testcase name="testIterator_empty" classname="org.apache.commons.geometry.spherical.oned.PointSet1STest" time="0.002"/>
  <testcase name="testIterator_remove_multiplePasses" classname="org.apache.commons.geometry.spherical.oned.PointSet1STest" time="0.003"/>
  <testcase name="testRetainAll" classname="org.apache.commons.geometry.spherical.oned.PointSet1STest" time="0.016"/>
  <testcase name="testClear_populated" classname="org.apache.commons.geometry.spherical.oned.PointSet1STest" time="0.002"/>
  <testcase name="testContainsAll" classname="org.apache.commons.geometry.spherical.oned.PointSet1STest" time="0.002"/>
  <testcase name="testNearest_empty" classname="org.apache.commons.geometry.spherical.oned.PointSet1STest" time="0.001"/>
  <testcase name="testNearest_large" classname="org.apache.commons.geometry.spherical.oned.PointSet1STest" time="0.009"/>
  <testcase name="testNearest_small" classname="org.apache.commons.geometry.spherical.oned.PointSet1STest" time="0.001"/>
  <testcase name="testFarthest_empty" classname="org.apache.commons.geometry.spherical.oned.PointSet1STest" time="0"/>
  <testcase name="testFarthest_large" classname="org.apache.commons.geometry.spherical.oned.PointSet1STest" time="0.027"/>
  <testcase name="testFarthest_small" classname="org.apache.commons.geometry.spherical.oned.PointSet1STest" time="0.001"/>
  <testcase name="testMultipleEntries" classname="org.apache.commons.geometry.spherical.oned.PointSet1STest" time="0.005"/>
  <testcase name="testContainsAll_empty" classname="org.apache.commons.geometry.spherical.oned.PointSet1STest" time="0"/>
  <testcase name="testFarToNear_iteratorBehavior" classname="org.apache.commons.geometry.spherical.oned.PointSet1STest" time="0.002"/>
  <testcase name="testFarToNear_empty" classname="org.apache.commons.geometry.spherical.oned.PointSet1STest" time="0"/>
  <testcase name="testFarToNear_large" classname="org.apache.commons.geometry.spherical.oned.PointSet1STest" time="0.865"/>
  <testcase name="testFarToNear_small" classname="org.apache.commons.geometry.spherical.oned.PointSet1STest" time="0.001"/>
  <testcase name="testNearest_invalidArgs" classname="org.apache.commons.geometry.spherical.oned.PointSet1STest" time="0.001"/>
  <testcase name="testHashCode" classname="org.apache.commons.geometry.spherical.oned.PointSet1STest" time="0"/>
  <testcase name="testFarthest_invalidArgs" classname="org.apache.commons.geometry.spherical.oned.PointSet1STest" time="0.001"/>
  <testcase name="testRepeatedUse" classname="org.apache.commons.geometry.spherical.oned.PointSet1STest" time="0.039"/>
  <testcase name="testContainsGet_equivalentPoints_multipleEntries" classname="org.apache.commons.geometry.spherical.oned.PointSet1STest" time="0.008"/>
  <testcase name="testEquals" classname="org.apache.commons.geometry.spherical.oned.PointSet1STest" time="0"/>
  <testcase name="testRemove_largeEntryCount" classname="org.apache.commons.geometry.spherical.oned.PointSet1STest" time="0.071"/>
  <testcase name="testNearToFar_empty" classname="org.apache.commons.geometry.spherical.oned.PointSet1STest" time="0.001"/>
  <testcase name="testNearToFar_large" classname="org.apache.commons.geometry.spherical.oned.PointSet1STest" time="0.812"/>
  <testcase name="testNearToFar_small" classname="org.apache.commons.geometry.spherical.oned.PointSet1STest" time="0"/>
  <testcase name="testRemove" classname="org.apache.commons.geometry.spherical.oned.PointSet1STest" time="0.001"/>
  <testcase name="testFarToNear_concurrentModification" classname="org.apache.commons.geometry.spherical.oned.PointSet1STest" time="0.001"/>
  <testcase name="testRemoveAll_empty" classname="org.apache.commons.geometry.spherical.oned.PointSet1STest" time="0.001"/>
  <testcase name="testSingleEntry" classname="org.apache.commons.geometry.spherical.oned.PointSet1STest" time="0"/>
  <testcase name="testIterator" classname="org.apache.commons.geometry.spherical.oned.PointSet1STest" time="0.003"/>
  <testcase name="testRemoveAll" classname="org.apache.commons.geometry.spherical.oned.PointSet1STest" time="0.003"/>
  <testcase name="testFarToNear_invalidArgs" classname="org.apache.commons.geometry.spherical.oned.PointSet1STest" time="0.001"/>
</testsuite>